Determining if the pthread_create exist failed with the following output:
Change Dir: /home/michael/research/cpp_practice/CMakeFiles/CMakeTmp

Run Build Command:"/usr/bin/make" "cmTC_84077/fast"
/usr/bin/make -f CMakeFiles/cmTC_84077.dir/build.make CMakeFiles/cmTC_84077.dir/build
make[1]: Entering directory '/home/michael/research/cpp_practice/CMakeFiles/CMakeTmp'
Building C object CMakeFiles/cmTC_84077.dir/CheckSymbolExists.c.o
/usr/bin/cc    -o CMakeFiles/cmTC_84077.dir/CheckSymbolExists.c.o   -c /home/michael/research/cpp_practice/CMakeFiles/CMakeTmp/CheckSymbolExists.c
Linking C executable cmTC_84077
/usr/bin/cmake -E cmake_link_script CMakeFiles/cmTC_84077.dir/link.txt --verbose=1
/usr/bin/cc      CMakeFiles/cmTC_84077.dir/CheckSymbolExists.c.o  -o cmTC_84077 
CMakeFiles/cmTC_84077.dir/CheckSymbolExists.c.o: In function `main':
CheckSymbolExists.c:(.text+0x1b): undefined reference to `pthread_create'
collect2: error: ld returned 1 exit status
CMakeFiles/cmTC_84077.dir/build.make:97: recipe for target 'cmTC_84077' failed
make[1]: *** [cmTC_84077] Error 1
make[1]: Leaving directory '/home/michael/research/cpp_practice/CMakeFiles/CMakeTmp'
Makefile:126: recipe for target 'cmTC_84077/fast' failed
make: *** [cmTC_84077/fast] Error 2

File /home/michael/research/cpp_practice/CMakeFiles/CMakeTmp/CheckSymbolExists.c:
/* */
#include <pthread.h>

int main(int argc, char** argv)
{
  (void)argv;
#ifndef pthread_create
  return ((int*)(&pthread_create))[argc];
#else
  (void)argc;
  return 0;
#endif
}

Determining if the function pthread_create exists in the pthreads failed with the following output:
Change Dir: /home/michael/research/cpp_practice/CMakeFiles/CMakeTmp

Run Build Command:"/usr/bin/make" "cmTC_52c31/fast"
/usr/bin/make -f CMakeFiles/cmTC_52c31.dir/build.make CMakeFiles/cmTC_52c31.dir/build
make[1]: Entering directory '/home/michael/research/cpp_practice/CMakeFiles/CMakeTmp'
Building C object CMakeFiles/cmTC_52c31.dir/CheckFunctionExists.c.o
/usr/bin/cc   -DCHECK_FUNCTION_EXISTS=pthread_create   -o CMakeFiles/cmTC_52c31.dir/CheckFunctionExists.c.o   -c /usr/share/cmake-3.10/Modules/CheckFunctionExists.c
Linking C executable cmTC_52c31
/usr/bin/cmake -E cmake_link_script CMakeFiles/cmTC_52c31.dir/link.txt --verbose=1
/usr/bin/cc  -DCHECK_FUNCTION_EXISTS=pthread_create    CMakeFiles/cmTC_52c31.dir/CheckFunctionExists.c.o  -o cmTC_52c31 -lpthreads 
/usr/bin/ld: cannot find -lpthreads
collect2: error: ld returned 1 exit status
CMakeFiles/cmTC_52c31.dir/build.make:97: recipe for target 'cmTC_52c31' failed
make[1]: *** [cmTC_52c31] Error 1
make[1]: Leaving directory '/home/michael/research/cpp_practice/CMakeFiles/CMakeTmp'
Makefile:126: recipe for target 'cmTC_52c31/fast' failed
make: *** [cmTC_52c31/fast] Error 2


